Command: vcs -full64 -sverilog +v2k -debug_acc+all -fsdb +define+FSDB rtl/async_fifo/async_fifo.v \
tb/async_fifo/async_fifo_tb.v -o sim/async_fifo/simv -l sim/async_fifo/com.log
                         Chronologic VCS (TM)
       Version O-2018.09-SP2_Full64 -- Mon Mar 23 22:30:46 2026
               Copyright (c) 1991-2018 by Synopsys Inc.
                         ALL RIGHTS RESERVED

This program is proprietary and confidential information of Synopsys Inc.
and may be used and disclosed only as authorized in a license agreement
controlling such use and disclosure.

Parsing design file 'rtl/async_fifo/async_fifo.v'
Parsing design file 'tb/async_fifo/async_fifo_tb.v'
Top Level Modules:
       async_fifo_tb
TimeScale is 1 ns / 1 ps
Starting vcs inline pass...
1 module and 0 UDP read.
	However, due to incremental compilation, no re-compilation is necessary.
make[1]: Entering directory `/home/yori/digital-design-practice/csrc'
rm -f _csrc*.so pre_vcsobj_*.so share_vcsobj_*.so
ld -shared  -Bsymbolic  -o .//../sim/async_fifo/simv.daidir//_csrc0.so objs/amcQw_d.o \

rm -f _csrc0.so
if [ -x ../sim/async_fifo/simv ]; then chmod -x ../sim/async_fifo/simv; fi
g++  -o ../sim/async_fifo/simv    -Wl,-rpath-link=./ -Wl,-rpath='$ORIGIN'/simv.daidir/ \
-Wl,-rpath=./simv.daidir/ -Wl,-rpath='$ORIGIN'/simv.daidir//scsim.db.dir  -rdynamic \
-Wl,-rpath=/home/yori/synopsys_tool/vcs/O-2018.09-SP2/linux64/lib -L/home/yori/synopsys_tool/vcs/O-2018.09-SP2/linux64/lib \
_7143_archive_1.so _prev_archive_1.so _csrc0.so  SIM_l.o  _csrc0.so     rmapats_mop.o \
rmapats.o rmar.o rmar_nd.o  rmar_llvm_0_1.o rmar_llvm_0_0.o          -lzerosoft_rt_stubs \
-lvirsim -lerrorinf -lsnpsmalloc -lvfs    -lvcsnew -lsimprofile -luclinative /home/yori/synopsys_tool/vcs/O-2018.09-SP2/linux64/lib/vcs_tls.o \
-Wl,-whole-archive -lvcsucli -Wl,-no-whole-archive        _vcs_pli_stub_.o   /home/yori/synopsys_tool/vcs/O-2018.09-SP2/linux64/lib/vcs_save_restore_new.o \
/home/yori/synopsys_tool/verdi/Verdi_O-2018.09-SP2/share/PLI/VCS/LINUX64/pli.a -ldl \
-lc -lm -lpthread -ldl 
../sim/async_fifo/simv up to date
make[1]: Leaving directory `/home/yori/digital-design-practice/csrc'
CPU time: .546 seconds to compile + .589 seconds to elab + .586 seconds to link
